# JRE version: OpenJDK Runtime Environment (8.0_152-b06) (build 1.8.0_152-release-1136-b06)
# Java VM: OpenJDK 64-Bit Server VM (25.152-b06 mixed mode windows-amd64 compressed oops)
Heap:
 PSYoungGen      total 139264K, used 72751K [0x00000000e0000000, 0x00000000eb400000, 0x0000000100000000)
  eden space 124416K, 58% used [0x00000000e0000000,0x00000000e46f3fb0,0x00000000e7980000)
  from space 14848K, 0% used [0x00000000e7980000,0x00000000e7998000,0x00000000e8800000)
  to   space 14848K, 0% used [0x00000000ea580000,0x00000000ea580000,0x00000000eb400000)
 ParOldGen       total 81920K, used 42326K [0x00000000a0000000, 0x00000000a5000000, 0x00000000e0000000)
  object space 81920K, 51% used [0x00000000a0000000,0x00000000a2955938,0x00000000a5000000)
 Metaspace       used 64831K, capacity 66592K, committed 66904K, reserved 1107968K
  class space    used 8604K, capacity 9033K, committed 9088K, reserved 1048576K
GC Heap History (10 events):
Event: 175.680 GC heap before
{Heap before GC invocations=24 (full 2):
 PSYoungGen      total 88064K, used 87391K [0x00000000e0000000, 0x00000000e7400000, 0x0000000100000000)
  eden space 79360K, 99% used [0x00000000e0000000,0x00000000e4cdb030,0x00000000e4d80000)
  from space 8704K, 99% used [0x00000000e4d80000,0x00000000e55fcd08,0x00000000e5600000)
  to   space 10752K, 0% used [0x00000000e6980000,0x00000000e6980000,0x00000000e7400000)
 ParOldGen       total 46592K, used 29790K [0x00000000a0000000, 0x00000000a2d80000, 0x00000000e0000000)
  object space 46592K, 63% used [0x00000000a0000000,0x00000000a1d17828,0x00000000a2d80000)
 Metaspace       used 57307K, capacity 58946K, committed 59028K, reserved 1099776K
  class space    used 7772K, capacity 8176K, committed 8192K, reserved 1048576K
Event: 175.921 GC heap after
Heap after GC invocations=24 (full 2):
 PSYoungGen      total 103424K, used 10740K [0x00000000e0000000, 0x00000000e7c80000, 0x0000000100000000)
  eden space 92672K, 0% used [0x00000000e0000000,0x00000000e0000000,0x00000000e5a80000)
  from space 10752K, 99% used [0x00000000e6980000,0x00000000e73fd1a0,0x00000000e7400000)
  to   space 15360K, 0% used [0x00000000e5a80000,0x00000000e5a80000,0x00000000e6980000)
 ParOldGen       total 46592K, used 37457K [0x00000000a0000000, 0x00000000a2d80000, 0x00000000e0000000)
  object space 46592K, 80% used [0x00000000a0000000,0x00000000a2494438,0x00000000a2d80000)
 Metaspace       used 57307K, capacity 58946K, committed 59028K, reserved 1099776K
  class space    used 7772K, capacity 8176K, committed 8192K, reserved 1048576K
}
Event: 176.092 GC heap before
{Heap before GC invocations=25 (full 2):
 PSYoungGen      total 103424K, used 12711K [0x00000000e0000000, 0x00000000e7c80000, 0x0000000100000000)
  eden space 92672K, 2% used [0x00000000e0000000,0x00000000e01ecc50,0x00000000e5a80000)
  from space 10752K, 99% used [0x00000000e6980000,0x00000000e73fd1a0,0x00000000e7400000)
  to   space 15360K, 0% used [0x00000000e5a80000,0x00000000e5a80000,0x00000000e6980000)
 ParOldGen       total 46592K, used 37457K [0x00000000a0000000, 0x00000000a2d80000, 0x00000000e0000000)
  object space 46592K, 80% used [0x00000000a0000000,0x00000000a2494438,0x00000000a2d80000)
 Metaspace       used 57375K, capacity 59010K, committed 59028K, reserved 1099776K
  class space    used 7780K, capacity 8176K, committed 8192K, reserved 1048576K
Event: 176.174 GC heap after
Heap after GC invocations=25 (full 2):
 PSYoungGen      total 108032K, used 192K [0x00000000e0000000, 0x00000000e9a80000, 0x0000000100000000)
  eden space 92672K, 0% used [0x00000000e0000000,0x00000000e0000000,0x00000000e5a80000)
  from space 15360K, 1% used [0x00000000e5a80000,0x00000000e5ab0020,0x00000000e6980000)
  to   space 15360K, 0% used [0x00000000e8b80000,0x00000000e8b80000,0x00000000e9a80000)
 ParOldGen       total 46592K, used 45405K [0x00000000a0000000, 0x00000000a2d80000, 0x00000000e0000000)
  object space 46592K, 97% used [0x00000000a0000000,0x00000000a2c57578,0x00000000a2d80000)
 Metaspace       used 57375K, capacity 59010K, committed 59028K, reserved 1099776K
  class space    used 7780K, capacity 8176K, committed 8192K, reserved 1048576K
}
Event: 176.174 GC heap before
{Heap before GC invocations=26 (full 3):
 PSYoungGen      total 108032K, used 192K [0x00000000e0000000, 0x00000000e9a80000, 0x0000000100000000)
  eden space 92672K, 0% used [0x00000000e0000000,0x00000000e0000000,0x00000000e5a80000)
  from space 15360K, 1% used [0x00000000e5a80000,0x00000000e5ab0020,0x00000000e6980000)
  to   space 15360K, 0% used [0x00000000e8b80000,0x00000000e8b80000,0x00000000e9a80000)
 ParOldGen       total 46592K, used 45405K [0x00000000a0000000, 0x00000000a2d80000, 0x00000000e0000000)
  object space 46592K, 97% used [0x00000000a0000000,0x00000000a2c57578,0x00000000a2d80000)
 Metaspace       used 57375K, capacity 59010K, committed 59028K, reserved 1099776K
  class space    used 7780K, capacity 8176K, committed 8192K, reserved 1048576K
Event: 178.147 GC heap after
Heap after GC invocations=26 (full 3):
 PSYoungGen      total 108032K, used 0K [0x00000000e0000000, 0x00000000e9a80000, 0x0000000100000000)
  eden space 92672K, 0% used [0x00000000e0000000,0x00000000e0000000,0x00000000e5a80000)
  from space 15360K, 0% used [0x00000000e5a80000,0x00000000e5a80000,0x00000000e6980000)
  to   space 15360K, 0% used [0x00000000e8b80000,0x00000000e8b80000,0x00000000e9a80000)
 ParOldGen       total 81920K, used 41265K [0x00000000a0000000, 0x00000000a5000000, 0x00000000e0000000)
  object space 81920K, 50% used [0x00000000a0000000,0x00000000a284c7b8,0x00000000a5000000)
 Metaspace       used 57375K, capacity 59010K, committed 59028K, reserved 1099776K
  class space    used 7780K, capacity 8176K, committed 8192K, reserved 1048576K
}
Event: 306.862 GC heap before
{Heap before GC invocations=27 (full 3):
 PSYoungGen      total 108032K, used 92672K [0x00000000e0000000, 0x00000000e9a80000, 0x0000000100000000)
  eden space 92672K, 100% used [0x00000000e0000000,0x00000000e5a80000,0x00000000e5a80000)
  from space 15360K, 0% used [0x00000000e5a80000,0x00000000e5a80000,0x00000000e6980000)
  to   space 15360K, 0% used [0x00000000e8b80000,0x00000000e8b80000,0x00000000e9a80000)
 ParOldGen       total 81920K, used 41265K [0x00000000a0000000, 0x00000000a5000000, 0x00000000e0000000)
  object space 81920K, 50% used [0x00000000a0000000,0x00000000a284c7b8,0x00000000a5000000)
 Metaspace       used 59242K, capacity 60950K, committed 61144K, reserved 1101824K
  class space    used 7987K, capacity 8388K, committed 8448K, reserved 1048576K
Event: 307.006 GC heap after
Heap after GC invocations=27 (full 3):
 PSYoungGen      total 135680K, used 2971K [0x00000000e0000000, 0x00000000e9680000, 0x0000000100000000)
  eden space 124416K, 0% used [0x00000000e0000000,0x00000000e0000000,0x00000000e7980000)
  from space 11264K, 26% used [0x00000000e8b80000,0x00000000e8e66d40,0x00000000e9680000)
  to   space 14848K, 0% used [0x00000000e7980000,0x00000000e7980000,0x00000000e8800000)
 ParOldGen       total 81920K, used 41273K [0x00000000a0000000, 0x00000000a5000000, 0x00000000e0000000)
  object space 81920K, 50% used [0x00000000a0000000,0x00000000a284e7b8,0x00000000a5000000)
 Metaspace       used 59242K, capacity 60950K, committed 61144K, reserved 1101824K
  class space    used 7987K, capacity 8388K, committed 8448K, reserved 1048576K
}
Event: 324.061 GC heap before
{Heap before GC invocations=28 (full 3):
 PSYoungGen      total 135680K, used 127387K [0x00000000e0000000, 0x00000000e9680000, 0x0000000100000000)
  eden space 124416K, 100% used [0x00000000e0000000,0x00000000e7980000,0x00000000e7980000)
  from space 11264K, 26% used [0x00000000e8b80000,0x00000000e8e66d40,0x00000000e9680000)
  to   space 14848K, 0% used [0x00000000e7980000,0x00000000e7980000,0x00000000e8800000)
 ParOldGen       total 81920K, used 41273K [0x00000000a0000000, 0x00000000a5000000, 0x00000000e0000000)
  object space 81920K, 50% used [0x00000000a0000000,0x00000000a284e7b8,0x00000000a5000000)
 Metaspace       used 59259K, capacity 60950K, committed 61144K, reserved 1101824K
  class space    used 7987K, capacity 8388K, committed 8448K, reserved 1048576K
Event: 324.120 GC heap after
Heap after GC invocations=28 (full 3):
 PSYoungGen      total 139264K, used 96K [0x00000000e0000000, 0x00000000eb400000, 0x0000000100000000)
  eden space 124416K, 0% used [0x00000000e0000000,0x00000000e0000000,0x00000000e7980000)
  from space 14848K, 0% used [0x00000000e7980000,0x00000000e7998000,0x00000000e8800000)
  to   space 14848K, 0% used [0x00000000ea580000,0x00000000ea580000,0x00000000eb400000)
 ParOldGen       total 81920K, used 42326K [0x00000000a0000000, 0x00000000a5000000, 0x00000000e0000000)
  object space 81920K, 51% used [0x00000000a0000000,0x00000000a2955938,0x00000000a5000000)
 Metaspace       used 59259K, capacity 60950K, committed 61144K, reserved 1101824K
  class space    used 7987K, capacity 8388K, committed 8448K, reserved 1048576K
}

